1679560915767	geckodriver	INFO	Listening on 127.0.0.1:52863
1679560918820	mozrunner::runner	INFO	Running command: "C:\\Program Files\\Mozilla Firefox\\firefox.exe" "--marionette" "--remote-debugging-port" "52864" "--remote-allow-hosts" "localhost" "-no-remote" "-profile" "C:\\Users\\admin\\AppData\\Local\\Temp\\rust_mozprofileSiIx63"
console.warn: services.settings: Ignoring preference override of remote settings server
console.warn: services.settings: Allow by setting MOZ_REMOTE_SETTINGS_DEVTOOLS=1 in the environment
1679560919341	Marionette	INFO	Marionette enabled
Dynamically enable window occlusion 0
1679560919348	Marionette	INFO	Listening on port 52872
Read port: 52872
WebDriver BiDi listening on ws://127.0.0.1:52864
1679560919532	RemoteAgent	WARN	TLS certificate errors will be ignored for this session
console.warn: SearchSettings: "get: No settings file exists, new profile?" (new NotFoundError("Could not open the file at C:\\Users\\admin\\AppData\\Local\\Temp\\rust_mozprofileSiIx63\\search.json.mozlz4", (void 0)))
DevTools listening on ws://127.0.0.1:52864/devtools/browser/317b00c7-26b7-4eb0-bce4-0f3dbe9e67e5
console.warn: LoginRecipes: "Falling back to a synchronous message for: https://opensource-demo.orangehrmlive.com."
console.warn: LoginRecipes: "Falling back to a synchronous message for: https://opensource-demo.orangehrmlive.com."
1679560952640	Marionette	INFO	Stopped listening on port 52872
Dynamically enable window occlusion 1
1679567834354	geckodriver	INFO	Listening on 127.0.0.1:54023
1679567837419	mozrunner::runner	INFO	Running command: "C:\\Program Files\\Mozilla Firefox\\firefox.exe" "--marionette" "--remote-debugging-port" "54024" "--remote-allow-hosts" "localhost" "-no-remote" "-profile" "C:\\Users\\admin\\AppData\\Local\\Temp\\rust_mozprofile17pxaf"
console.warn: services.settings: Ignoring preference override of remote settings server
console.warn: services.settings: Allow by setting MOZ_REMOTE_SETTINGS_DEVTOOLS=1 in the environment
1679567837763	Marionette	INFO	Marionette enabled
Dynamically enable window occlusion 0
1679567837769	Marionette	INFO	Listening on port 54031
Read port: 54031
WebDriver BiDi listening on ws://127.0.0.1:54024
1679567837959	RemoteAgent	WARN	TLS certificate errors will be ignored for this session
console.warn: SearchSettings: "get: No settings file exists, new profile?" (new NotFoundError("Could not open the file at C:\\Users\\admin\\AppData\\Local\\Temp\\rust_mozprofile17pxaf\\search.json.mozlz4", (void 0)))
DevTools listening on ws://127.0.0.1:54024/devtools/browser/59b910bc-1871-4159-b996-209f7d3ab1b2
console.warn: LoginRecipes: "Falling back to a synchronous message for: https://opensource-demo.orangehrmlive.com."
console.warn: LoginRecipes: "Falling back to a synchronous message for: https://opensource-demo.orangehrmlive.com."
JavaScript error: , line 0: uncaught exception: Object
JavaScript error: , line 0: uncaught exception: Object
JavaScript error: , line 0: uncaught exception: Object
JavaScript error: , line 0: uncaught exception: Object
JavaScript error: , line 0: uncaught exception: Object
JavaScript error: , line 0: uncaught exception: Object
JavaScript error: , line 0: uncaught exception: Object
JavaScript error: , line 0: uncaught exception: Object
1679567848182	Marionette	INFO	Stopped listening on port 54031
Dynamically enable window occlusion 1
